<?xml version="1.0" encoding="UTF-8"?>
<testng-results skipped="0" failed="0" ignored="0" total="2" passed="2">
  <reporter-output>
  </reporter-output>
  <suite name="Default suite" duration-ms="32" started-at="2020-10-22T07:30:34Z" finished-at="2020-10-22T07:30:34Z">
    <groups>
    </groups>
    <test name="Default test" duration-ms="32" started-at="2020-10-22T07:30:34Z" finished-at="2020-10-22T07:30:34Z">
      <class name="Assignment.DataProvider_annotation">
        <test-method status="PASS" signature="beforeTest()[pri:0, instance:Assignment.DataProvider_annotation@4ba1197]" name="beforeTest" is-config="true" duration-ms="8" started-at="2020-10-22T13:00:34Z" finished-at="2020-10-22T13:00:34Z">
          <reporter-output>
          </reporter-output>
        </test-method> <!-- beforeTest -->
        <test-method status="PASS" signature="f(java.lang.Integer, java.lang.String, java.lang.String)[pri:0, instance:Assignment.DataProvider_annotation@4ba1197]" name="f" duration-ms="7" started-at="2020-10-22T13:00:34Z" data-provider="details" finished-at="2020-10-22T13:00:34Z">
          <params>
            <param index="0">
              <value>
                <![CDATA[1]]>
              </value>
            </param>
            <param index="1">
              <value>
                <![CDATA[Satyam]]>
              </value>
            </param>
            <param index="2">
              <value>
                <![CDATA[Gosavi]]>
              </value>
            </param>
          </params>
          <reporter-output>
          </reporter-output>
        </test-method> <!-- f -->
        <test-method status="PASS" signature="f(java.lang.Integer, java.lang.String, java.lang.String)[pri:0, instance:Assignment.DataProvider_annotation@4ba1197]" name="f" duration-ms="0" started-at="2020-10-22T13:00:34Z" data-provider="details" finished-at="2020-10-22T13:00:34Z">
          <params>
            <param index="0">
              <value>
                <![CDATA[2]]>
              </value>
            </param>
            <param index="1">
              <value>
                <![CDATA[Shivam]]>
              </value>
            </param>
            <param index="2">
              <value>
                <![CDATA[Gosavi]]>
              </value>
            </param>
          </params>
          <reporter-output>
          </reporter-output>
        </test-method> <!-- f -->
        <test-method status="PASS" signature="afterTest()[pri:0, instance:Assignment.DataProvider_annotation@4ba1197]" name="afterTest" is-config="true" duration-ms="0" started-at="2020-10-22T13:00:34Z" finished-at="2020-10-22T13:00:34Z">
          <reporter-output>
          </reporter-output>
        </test-method> <!-- afterTest -->
      </class> <!-- Assignment.DataProvider_annotation -->
    </test> <!-- Default test -->
  </suite> <!-- Default suite -->
</testng-results>
